<?xml version="1.0" encoding="UTF-8"?>
<!-- Generated by org.testng.reporters.JUnitReportReporter -->
<testsuite hostname="LAPTOP-5Q7F7A84" failures="0" tests="1" name="com.inernetBanking.testCases.TC_LoginTest_001" time="1.778" errors="0" timestamp="2021-11-09T23:44:25 IST" skipped="0">
  <testcase classname="com.inernetBanking.testCases.TC_LoginTest_001" name="loginTest" time="1.778"/>
  <system-out/>
</testsuite> <!-- com.inernetBanking.testCases.TC_LoginTest_001 -->
